Reading traduccion_dotes.xlsx...
Found 4626 feats to translate. Processing...
Translating 1/4626 (0.0%) - Pitborn
Translating 11/4626 (0.2%) - Riftmarked
Translating 21/4626 (0.4%) - Velstrac Magic
Translating 31/4626 (0.6%) - Shaitan Magic
Translating 41/4626 (0.9%) - Mirror-Risen
Autosaving progress at 50/4626...
Translating 51/4626 (1.1%) - Warp Likeness
Translating 61/4626 (1.3%) - Scholar's Inheritance
Translating 71/4626 (1.5%) - Slip with the Breeze
Translating 81/4626 (1.7%) - Ferrousoul
Translating 91/4626 (1.9%) - Fluid Contortionist
Autosaving progress at 100/4626...
Translating 101/4626 (2.2%) - Translucent Skin
Translating 111/4626 (2.4%) - Vicious Venom
Translating 121/4626 (2.6%) - Inherit the Dreaming Heirloom
Translating 131/4626 (2.8%) - Dissolution's Clarity
Translating 141/4626 (3.0%) - Meticulous Restorer
Autosaving progress at 150/4626...
Translating 151/4626 (3.2%) - Nourishing Symbiosis
Translating 161/4626 (3.5%) - Morphic Strike
Translating 171/4626 (3.7%) - Among Humanity
Translating 181/4626 (3.9%) - Mockingbird's Disarm
Translating 191/4626 (4.1%) - Alchemical Power
Autosaving progress at 200/4626...
Translating 201/4626 (4.3%) - Tempo Duelist
Translating 211/4626 (4.5%) - Flash Your Badge
Translating 221/4626 (4.8%) - Fake It Till You Make It
Translating 231/4626 (5.0%) - Insistent Command
Translating 241/4626 (5.2%) - History of Violence
Autosaving progress at 250/4626...
Translating 251/4626 (5.4%) - Deathless Servant
Translating 261/4626 (5.6%) - Archer Dedication
Translating 271/4626 (5.8%) - Marshall Fiendish Forces
Translating 281/4626 (6.1%) - Shorthanded
Translating 291/4626 (6.3%) - Abjure Harm
Autosaving progress at 300/4626...
Translating 301/4626 (6.5%) - Assassin Dedication
Translating 311/4626 (6.7%) - Silence the Profane
Translating 321/4626 (6.9%) - Advanced Runelord Magic
Translating 331/4626 (7.1%) - Master Bard Spellcasting
Translating 341/4626 (7.3%) - Nimble Shield Hand
Autosaving progress at 350/4626...
Translating 351/4626 (7.6%) - Tandem Onslaught
Translating 361/4626 (7.8%) - Basic Beast Gunner Spellcasting
Translating 371/4626 (8.0%) - Pack of the Beast Lord
Translating 381/4626 (8.2%) - Specialized Beastmaster Companion
Translating 391/4626 (8.4%) - Bestial Protection
Autosaving progress at 400/4626...
Translating 401/4626 (8.6%) - Garden Path
Translating 411/4626 (8.9%) - Opportune Opening
Translating 421/4626 (9.1%) - Siphon Magic
Translating 431/4626 (9.3%) - Greater Sun Blessing
Translating 441/4626 (9.5%) - Cry of Rebellion
Autosaving progress at 450/4626...
Translating 451/4626 (9.7%) - Black Powder Blaze
Translating 461/4626 (9.9%) - Mastermind's Eye
Translating 471/4626 (10.2%) - Coordinated Tactics
Translating 481/4626 (10.4%) - Veteran Follower
Translating 491/4626 (10.6%) - Reactive Charm
Autosaving progress at 500/4626...
Translating 501/4626 (10.8%) - Rearing Display
Translating 511/4626 (11.0%) - Quick Mount
Translating 521/4626 (11.2%) - Mesmerizing Gaze
Translating 531/4626 (11.5%) - Devout Magic
Translating 541/4626 (11.7%) - Superimpose Time Duplicates
Autosaving progress at 550/4626...
Translating 551/4626 (11.9%) - Precise Hooks
Translating 561/4626 (12.1%) - Cleric Dedication
Translating 571/4626 (12.3%) - Paragon Reanimated Companion
Translating 581/4626 (12.5%) - Command Corpse
Translating 591/4626 (12.8%) - Reloading Trick
Autosaving progress at 600/4626...
Translating 601/4626 (13.0%) - Cultivator's Keen Eye
Translating 611/4626 (13.2%) - Counter Curse
Translating 621/4626 (13.4%) - Play to the Crowd (Dandy)
Translating 631/4626 (13.6%) - Party Crasher
Translating 641/4626 (13.8%) - Call Draconic Ally
HTTP Error 500. Waiting 5 seconds...
Autosaving progress at 650/4626...
Translating 651/4626 (14.1%) - Reflexive Devotion
Translating 661/4626 (14.3%) - Mighty Wings
Translating 671/4626 (14.5%) - Mature Dragon Companion
Translating 681/4626 (14.7%) - Master Druid Spellcasting
Translating 691/4626 (14.9%) - Selfless Parry
Autosaving progress at 700/4626...
Translating 701/4626 (15.1%) - Immediate Rebuke
Translating 711/4626 (15.3%) - Eldritch Reload
Translating 721/4626 (15.6%) - Advanced Seeker of Truths
Translating 731/4626 (15.8%) - Burning Spell
Translating 741/4626 (16.0%) - Wind-Tossed Spell
Autosaving progress at 750/4626...
Translating 751/4626 (16.2%) - Leaping Hedgehog Strike
Translating 761/4626 (16.4%) - Basic Glory
Translating 771/4626 (16.6%) - Familiar Conduit
Translating 781/4626 (16.9%) - Golden Dragon's Bounty
Translating 791/4626 (17.1%) - Fan Dancer Dedication
Autosaving progress at 800/4626...
Translating 801/4626 (17.3%) - Twirling Strike
Translating 811/4626 (17.5%) - Advanced Maneuver
Translating 821/4626 (17.7%) - Daring Flourish
Translating 831/4626 (17.9%) - Five-Breath Vanguard Dedication
Translating 841/4626 (18.2%) - Rule of Three
Autosaving progress at 850/4626...
Translating 851/4626 (18.4%) - Master Snowcasting
Translating 861/4626 (18.6%) - Read the Land
Translating 871/4626 (18.8%) - Ghostly Grasp
Translating 881/4626 (19.0%) - Ghost Eater Dedication
Translating 891/4626 (19.2%) - Competitive Eater
Autosaving progress at 900/4626...
Translating 901/4626 (19.5%) - Replenishing Consumption
Translating 911/4626 (19.7%) - Gladiator's Roar
Translating 921/4626 (19.9%) - Gird Champion
Translating 931/4626 (20.1%) - Golden League Xun Dedication
Translating 941/4626 (20.3%) - No Need to Fear
Autosaving progress at 950/4626...
Translating 951/4626 (20.5%) - Legs of Stone
Translating 961/4626 (20.8%) - Strident Command
Translating 971/4626 (21.0%) - Battlefront Sabotage
Translating 981/4626 (21.2%) - Rally Support
Translating 991/4626 (21.4%) - Dualistic Synergy
Autosaving progress at 1000/4626...
Translating 1001/4626 (21.6%) - Speak for the Gravelands
Translating 1011/4626 (21.8%) - Positive Luminance
Translating 1021/4626 (22.0%) - Battle Scars
Translating 1031/4626 (22.3%) - Thorn in Hell's Side
Translating 1041/4626 (22.5%) - Branding Spell
Autosaving progress at 1050/4626...
Translating 1051/4626 (22.7%) - Hellknight Mobility
Translating 1061/4626 (22.9%) - Reveal Beasts
Translating 1071/4626 (23.1%) - Endemic Herbs
Translating 1081/4626 (23.3%) - I've Been Here Before
Translating 1091/4626 (23.6%) - Acclimatization
Autosaving progress at 1100/4626...
Translating 1101/4626 (23.8%) - Explosion
Translating 1111/4626 (24.0%) - Lesson of Unified Elusion
Translating 1121/4626 (24.2%) - Repeat Lesson
Translating 1131/4626 (24.4%) - Focused Juggler
Translating 1141/4626 (24.6%) - Improved Elemental Blast
Autosaving progress at 1150/4626...
Translating 1151/4626 (24.9%) - Ruthless Orator
Translating 1161/4626 (25.1%) - Invoke the Crimson Oath
Translating 1171/4626 (25.3%) - Voice Cold as Death
Translating 1181/4626 (25.5%) - Interrupt Charge
Translating 1191/4626 (25.7%) - Always Ready
Autosaving progress at 1200/4626...
Translating 1201/4626 (25.9%) - Necromantic Bulwark
Translating 1211/4626 (26.2%) - Thwart Evil
Translating 1221/4626 (26.4%) - Rise, My Creature!
Translating 1231/4626 (26.6%) - Analyze Idiolect
Translating 1241/4626 (26.8%) - Inspiring Recitation
Autosaving progress at 1250/4626...
Translating 1251/4626 (27.0%) - Judgement of the Monolith
Translating 1261/4626 (27.2%) - Vessel's Form
Translating 1271/4626 (27.5%) - Cascade Bearer's Spellcasting
Translating 1281/4626 (27.7%) - Rain-Scribe Mobility
Translating 1291/4626 (27.9%) - Advanced Martial Magic
Autosaving progress at 1300/4626...
Translating 1301/4626 (28.1%) - Mammoth Charge
Translating 1311/4626 (28.3%) - Cadence Call
Translating 1321/4626 (28.5%) - Rallying Charge (Marshal)
Translating 1331/4626 (28.8%) - Echoing Violence
Translating 1341/4626 (29.0%) - Mauler Dedication
Autosaving progress at 1350/4626...
Translating 1351/4626 (29.2%) - Just the Tool
Translating 1361/4626 (29.4%) - Basic Kata
HTTP Error 500. Waiting 5 seconds...
Translating 1371/4626 (29.6%) - Divine Presence
Translating 1381/4626 (29.8%) - Free from Bonds
Translating 1391/4626 (30.0%) - Mortal Ascension
Autosaving progress at 1400/4626...
Translating 1401/4626 (30.3%) - Greater Despair
Translating 1411/4626 (30.5%) - Recoiling Relocation
Translating 1421/4626 (30.7%) - Preserve the Horde
Translating 1431/4626 (30.9%) - Horselord's Bond
Translating 1441/4626 (31.1%) - Swallow Pain
Autosaving progress at 1450/4626...
Translating 1451/4626 (31.3%) - Stargazer's Eyes
Translating 1461/4626 (31.6%) - Vacate Vision
Translating 1471/4626 (31.8%) - Chaining Mutation
Translating 1481/4626 (32.0%) - Versatile Mutation
Translating 1491/4626 (32.2%) - Ouroboric Pact
Autosaving progress at 1500/4626...
Translating 1501/4626 (32.4%) - Pact of the Living Pact
Translating 1511/4626 (32.6%) - Pactbound Dedication
Translating 1521/4626 (32.9%) - Archaeologist's Warning
Translating 1531/4626 (33.1%) - Everyone Duck!
Translating 1541/4626 (33.3%) - Watch and Learn
Autosaving progress at 1550/4626...
Translating 1551/4626 (33.5%) - Walk the Plank
Translating 1561/4626 (33.7%) - Advanced Poisoncraft
Translating 1571/4626 (33.9%) - Fated Duel
Translating 1581/4626 (34.2%) - Expert Prophet Spellcasting
Translating 1591/4626 (34.4%) - Murderer's Circle
Autosaving progress at 1600/4626...
Translating 1601/4626 (34.6%) - Psychic Dedication
Translating 1611/4626 (34.8%) - Repelling Enforcer
Translating 1621/4626 (35.0%) - Living God
Translating 1631/4626 (35.2%) - Reanimator Dedication
Translating 1641/4626 (35.5%) - Red Mantis School Spell
Autosaving progress at 1650/4626...
Translating 1651/4626 (35.7%) - Domain Spirit
Translating 1661/4626 (35.9%) - Invoke Movement
Error translating: Remote end closed connection without response
Translating 1671/4626 (36.1%) - Spirit Companion
Translating 1681/4626 (36.3%) - Holy Bloom
HTTP Error 500. Waiting 5 seconds...
HTTP Error 500. Waiting 5 seconds...
HTTP Error 500. Waiting 5 seconds...
HTTP Error 500. Waiting 5 seconds...
Translating 1691/4626 (36.5%) - School Spell Redirection
Autosaving progress at 1700/4626...
Translating 1701/4626 (36.7%) - Sanguimancer Dedication
Translating 1711/4626 (37.0%) - Spiritual Strike
Translating 1721/4626 (37.2%) - Master Scroll Cache
Translating 1731/4626 (37.4%) - Magic Finder
Translating 1741/4626 (37.6%) - Multifaceted Will
Autosaving progress at 1750/4626...
Translating 1751/4626 (37.8%) - Armored Rebuff
Translating 1761/4626 (38.0%) - Additional Shadow Magic
Translating 1771/4626 (38.3%) - Perfect Pitch
Translating 1781/4626 (38.5%) - Counterclockwork Focus
Translating 1791/4626 (38.7%) - Cruel Piercing
Autosaving progress at 1800/4626...
Translating 1801/4626 (38.9%) - Oneiric Influence
Translating 1811/4626 (39.1%) - Domino Effect
Translating 1821/4626 (39.3%) - Exploit Opening
Translating 1831/4626 (39.6%) - Bloodline Breadth
Translating 1841/4626 (39.8%) - Soul Warden Dedication
Autosaving progress at 1850/4626...
Translating 1851/4626 (40.0%) - Choking Smoke
Translating 1861/4626 (40.2%) - Shining Arms
Translating 1871/4626 (40.4%) - Volatile Grease
Translating 1881/4626 (40.6%) - Spellmaster Dedication
Translating 1891/4626 (40.9%) - Spell-Woven Shot
Autosaving progress at 1900/4626...
Translating 1901/4626 (41.1%) - Spirit Warrior Dedication
Translating 1911/4626 (41.3%) - Soul Bleed
Translating 1921/4626 (41.5%) - Whirlwind Stance
Translating 1931/4626 (41.7%) - Stone Body
Translating 1941/4626 (41.9%) - Gather Disciples
Autosaving progress at 1950/4626...
Translating 1951/4626 (42.2%) - Aroden's Innovation
Translating 1961/4626 (42.4%) - Uncanny Prediction
Translating 1971/4626 (42.6%) - Stone Brawler Dedication
Translating 1981/4626 (42.8%) - Stonebound Dedication
Translating 1991/4626 (43.0%) - Advanced Synergy
Autosaving progress at 2000/4626...
Translating 2001/4626 (43.2%) - Buzzing Death Cicadas
Translating 2011/4626 (43.5%) - Advanced Flair
Translating 2021/4626 (43.7%) - Focus Ally
Translating 2031/4626 (43.9%) - Reflexive Grip
Translating 2041/4626 (44.1%) - Agent of all Holds
Autosaving progress at 2050/4626...
Translating 2051/4626 (44.3%) - Resolute
Translating 2061/4626 (44.5%) - Spinning Release
Translating 2071/4626 (44.7%) - Time Mage Dedication
Translating 2081/4626 (45.0%) - Preserve the Moment
Translating 2091/4626 (45.2%) - Trapsmith Dedication
Autosaving progress at 2100/4626...
Translating 2101/4626 (45.4%) - Log Roll
Translating 2111/4626 (45.6%) - Hidden Intentions
Translating 2121/4626 (45.8%) - Defender's Grit
Translating 2131/4626 (46.0%) - Blessed Medicine
Translating 2141/4626 (46.3%) - Ship's Shadow
Autosaving progress at 2150/4626...
Translating 2151/4626 (46.5%) - Slippery As An Eel
Translating 2161/4626 (46.7%) - Unbelievable Luck
Translating 2171/4626 (46.9%) - Terrible Transformation
Translating 2181/4626 (47.1%) - Predatory Claws
Translating 2191/4626 (47.3%) - Vehicle Mechanic Dedication
Autosaving progress at 2200/4626...
Translating 2201/4626 (47.6%) - Sense the Strike
Translating 2211/4626 (47.8%) - Social Purview
Translating 2221/4626 (48.0%) - Viking Weapon Familiarity
Translating 2231/4626 (48.2%) - Packed with Flavor
Translating 2241/4626 (48.4%) - Siege Ritualist
Autosaving progress at 2250/4626...
Translating 2251/4626 (48.6%) - Piercing Doom
Translating 2261/4626 (48.9%) - Lightless Sight
Translating 2271/4626 (49.1%) - Shattering Strike (Weapon Improviser)
Translating 2281/4626 (49.3%) - Beastkin Resilience
Translating 2291/4626 (49.5%) - Feral Senses
Autosaving progress at 2300/4626...
Translating 2301/4626 (49.7%) - Terrifying Transformation
Translating 2311/4626 (49.9%) - Petrifying Gaze Mimicry
Translating 2321/4626 (50.2%) - Galvanize Spell
Translating 2331/4626 (50.4%) - Spell Network
Translating 2341/4626 (50.6%) - Pluck from the Sky
Autosaving progress at 2350/4626...
Translating 2351/4626 (50.8%) - Basic Witch Spellcasting
Translating 2361/4626 (51.0%) - Basic Wizard Spellcasting
Translating 2371/4626 (51.2%) - Thick Hide Mask
Translating 2381/4626 (51.4%) - Venomous Touch
Translating 2391/4626 (51.7%) - Elbow Breaker
Autosaving progress at 2400/4626...
Translating 2401/4626 (51.9%) - Demon-Hunting Companion
Translating 2411/4626 (52.1%) - Unfazed Assessment
Translating 2421/4626 (52.3%) - Shamble
Translating 2431/4626 (52.5%) - Expanded Splash
Translating 2441/4626 (52.7%) - Double Poison
Autosaving progress at 2450/4626...
Translating 2451/4626 (53.0%) - Clotting Elixirs
Translating 2461/4626 (53.2%) - Mega Bomb
Translating 2471/4626 (53.4%) - Invigorating Elixir
Translating 2481/4626 (53.6%) - Alter Admixture
Translating 2491/4626 (53.8%) - Circle of Spirits
Autosaving progress at 2500/4626...
Translating 2501/4626 (54.0%) - Cardinal Guardians
Translating 2511/4626 (54.3%) - Eternal Guide
Translating 2521/4626 (54.5%) - Apparition's Reflection
Translating 2531/4626 (54.7%) - Come and Get Me
Translating 2541/4626 (54.9%) - Dragon's Rage Wings
Autosaving progress at 2550/4626...
Translating 2551/4626 (55.1%) - Impaling Thrust
Translating 2561/4626 (55.3%) - Brutal Critical
Translating 2571/4626 (55.6%) - Shake it Off
Translating 2581/4626 (55.8%) - Supernatural Senses
Translating 2591/4626 (56.0%) - Nocturnal Senses
Autosaving progress at 2600/4626...
Translating 2601/4626 (56.2%) - Invulnerable Rager
Translating 2611/4626 (56.4%) - Zoophonic Communication
Translating 2621/4626 (56.6%) - Inspirational Focus
Translating 2631/4626 (56.9%) - Vigorous Anthem
Translating 2641/4626 (57.1%) - Bestial Snarling
Autosaving progress at 2650/4626...
Translating 2651/4626 (57.3%) - Perfect Encore
Translating 2661/4626 (57.5%) - Rallying Anthem
Translating 2671/4626 (57.7%) - Song of Marching
Translating 2681/4626 (57.9%) - Deity's Domain
Translating 2691/4626 (58.1%) - Imposing Destrier
Autosaving progress at 2700/4626...
Translating 2701/4626 (58.4%) - Divine Wall
Translating 2711/4626 (58.6%) - Aura of Righteousness
Translating 2721/4626 (58.8%) - Fiendish Form
Translating 2731/4626 (59.0%) - Vengeful Oath
Translating 2741/4626 (59.2%) - Aura of Despair
Autosaving progress at 2750/4626...
Translating 2751/4626 (59.4%) - Faithful Stride
Translating 2761/4626 (59.7%) - Divine Castigation
Translating 2771/4626 (59.9%) - Replenishment of War
Translating 2781/4626 (60.1%) - Channeling Block
Translating 2791/4626 (60.3%) - Remediate
Autosaving progress at 2800/4626...
Translating 2801/4626 (60.5%) - Rapid Response
Translating 2811/4626 (60.7%) - Spellshape Channel
Translating 2821/4626 (61.0%) - Divine Rebuttal
Translating 2831/4626 (61.2%) - Surging Focus
Translating 2841/4626 (61.4%) - Standard-Bearer's Sacrifice
Autosaving progress at 2850/4626...
Translating 2851/4626 (61.6%) - Mercenary Reversal
Translating 2861/4626 (61.8%) - Banner Twirl
Translating 2871/4626 (62.0%) - Rallying Banner
Translating 2881/4626 (62.3%) - Untamed Form
Translating 2891/4626 (62.5%) - Dragon Shape
Autosaving progress at 2900/4626...
Translating 2901/4626 (62.7%) - Bizarre Transformation
Translating 2911/4626 (62.9%) - Invoke Disaster
Translating 2921/4626 (63.1%) - Verdant Presence
Translating 2931/4626 (63.3%) - Order Magic
Translating 2941/4626 (63.6%) - Instinctive Support
Autosaving progress at 2950/4626...
Translating 2951/4626 (63.8%) - Incredible Companion (Druid)
Translating 2961/4626 (64.0%) - Exult in Violence
Translating 2971/4626 (64.2%) - Infinite Blades Celestial Arrow
Translating 2981/4626 (64.4%) - Hurl at the Horizon
Translating 2991/4626 (64.6%) - Topple The Titans
Autosaving progress at 3000/4626...
Translating 3001/4626 (64.9%) - Raise Island
Translating 3011/4626 (65.1%) - Cut From the Air
Translating 3021/4626 (65.3%) - Dueling Dance (Fighter)
Translating 3031/4626 (65.5%) - Two-Weapon Flurry
Translating 3041/4626 (65.7%) - Combat Grab
Autosaving progress at 3050/4626...
Translating 3051/4626 (65.9%) - Double Shot
Translating 3061/4626 (66.1%) - Disarming Stance
Translating 3071/4626 (66.4%) - Incredible Aim
Translating 3081/4626 (66.6%) - Belly Flop
Translating 3091/4626 (66.8%) - Scattering Charge
Autosaving progress at 3100/4626...
Translating 3101/4626 (67.0%) - Quick Vengeance
Translating 3111/4626 (67.2%) - Unyielding Force
Translating 3121/4626 (67.4%) - Lock Down
Translating 3131/4626 (67.7%) - Blast Lock
Translating 3141/4626 (67.9%) - Precious Munitions
Autosaving progress at 3150/4626...
Translating 3151/4626 (68.1%) - Shooter's Camouflage
Translating 3161/4626 (68.3%) - Fatal Bullet
Translating 3171/4626 (68.5%) - Pistol Twirl
Translating 3181/4626 (68.7%) - Paired Shots
Translating 3191/4626 (69.0%) - Triggerbrand Salvo
Autosaving progress at 3200/4626...
Translating 3201/4626 (69.2%) - Prototype Companion
Translating 3211/4626 (69.4%) - Contingency Gadgets
Translating 3221/4626 (69.6%) - You Failed to Account For... This!
Translating 3231/4626 (69.8%) - Full Automation
Translating 3241/4626 (70.0%) - Megavolt
Autosaving progress at 3250/4626...
Translating 3251/4626 (70.3%) - Eliminate Red Herrings
Translating 3261/4626 (70.5%) - Empiricist's Eye
Translating 3271/4626 (70.7%) - Implausible Purchase (Investigator)
Translating 3281/4626 (70.9%) - Just the Facts
Translating 3291/4626 (71.1%) - Read the Dust
Autosaving progress at 3300/4626...
Translating 3301/4626 (71.3%) - Elemental Familiar (Kineticist)
Translating 3311/4626 (71.6%) - Magnetic Pinions
Translating 3321/4626 (71.8%) - Weapon Infusion
Translating 3331/4626 (72.0%) - Glacial Prison
Translating 3341/4626 (72.2%) - Assume Earth's Mantle
Autosaving progress at 3350/4626...
Translating 3351/4626 (72.4%) - Crowned in Tempest's Fury
Translating 3361/4626 (72.6%) - Turn the Wheel of Seasons
Translating 3371/4626 (72.8%) - Calcifying Sand
Translating 3381/4626 (73.1%) - Return to the Sea
Translating 3391/4626 (73.3%) - Crawling Fire
Autosaving progress at 3400/4626...
Translating 3401/4626 (73.5%) - Rising Hurricane
Translating 3411/4626 (73.7%) - Wooden Palisade
Translating 3421/4626 (73.9%) - Sanguivolent Roots
Translating 3431/4626 (74.1%) - Dimensional Disappearance
Translating 3441/4626 (74.4%) - Overwhelming Spellstrike
Autosaving progress at 3450/4626...
Translating 3451/4626 (74.6%) - Force Fang
Translating 3461/4626 (74.8%) - Shattering Spellstrike
Translating 3471/4626 (75.0%) - Crosscurrent Counter
Translating 3481/4626 (75.2%) - Monastic Archer Stance
Translating 3491/4626 (75.4%) - Twisting Petal Stance
Autosaving progress at 3500/4626...
Translating 3501/4626 (75.7%) - Wave Dashes Rocks
Translating 3511/4626 (75.9%) - Meditative Focus
Translating 3521/4626 (76.1%) - Shadow's Web
Translating 3531/4626 (76.3%) - Fuse Stance
Translating 3541/4626 (76.5%) - Ancestral Weaponry
Autosaving progress at 3550/4626...
Translating 3551/4626 (76.7%) - Endurance of the Rooted Tree
Translating 3561/4626 (77.0%) - Deflect Projectile
Translating 3571/4626 (77.2%) - Advanced Qi Spells
Translating 3581/4626 (77.4%) - Mountain Stronghold
Translating 3591/4626 (77.6%) - Jellyfish Stance
Autosaving progress at 3600/4626...
Translating 3601/4626 (77.8%) - Wall Run
Translating 3611/4626 (78.0%) - The Dead Walk
Translating 3621/4626 (78.3%) - Conduit of Void and Vitality
Translating 3631/4626 (78.5%) - Paradoxical Mystery
Translating 3641/4626 (78.7%) - Water Walker
Autosaving progress at 3650/4626...
Translating 3651/4626 (78.9%) - Amp Focus
Translating 3661/4626 (79.1%) - All in Your Head
Translating 3671/4626 (79.3%) - Astral Tether
Translating 3681/4626 (79.6%) - Dark Persona's Presence
Translating 3691/4626 (79.8%) - Monster Hunter
Autosaving progress at 3700/4626...
Translating 3701/4626 (80.0%) - Obscured Emergence
Translating 3711/4626 (80.2%) - Greater Distracting Shot
Translating 3721/4626 (80.4%) - Shadow Hunter
Translating 3731/4626 (80.6%) - Legendary Shot
Translating 3741/4626 (80.8%) - Far Shot
Autosaving progress at 3750/4626...
Translating 3751/4626 (81.1%) - Nature Prowler
Translating 3761/4626 (81.3%) - Terrain Master
Translating 3771/4626 (81.5%) - Methodical Debilitations
Translating 3781/4626 (81.7%) - Fantastic Leap
Translating 3791/4626 (81.9%) - Cloud Step
Autosaving progress at 3800/4626...
Translating 3801/4626 (82.1%) - Clever Gambit
Translating 3811/4626 (82.4%) - Impossible Striker
Translating 3821/4626 (82.6%) - Reactive Pursuit
Translating 3831/4626 (82.8%) - Shove Down
Translating 3841/4626 (83.0%) - Loaner Spell
Autosaving progress at 3850/4626...
Translating 3851/4626 (83.2%) - Agile Shield Grip
Translating 3861/4626 (83.4%) - Trap Finder
Translating 3871/4626 (83.7%) - Overpowering Charge
Translating 3881/4626 (83.9%) - Shared Sight
Translating 3891/4626 (84.1%) - Improved Reflexive Shield
Autosaving progress at 3900/4626...
Translating 3901/4626 (84.3%) - Devoted Guardian
Translating 3911/4626 (84.5%) - Boundless Reprisals
Translating 3921/4626 (84.7%) - Haft Striker Stance
Translating 3931/4626 (85.0%) - Scout's Warning
Translating 3941/4626 (85.2%) - Pirouette
Autosaving progress at 3950/4626...
Translating 3951/4626 (85.4%) - Chaotic Spell
Translating 3961/4626 (85.6%) - Quick Shield Block
Translating 3971/4626 (85.8%) - Greater Bloodline
Translating 3981/4626 (86.0%) - Interweave Dispel
Translating 3991/4626 (86.3%) - Propelling Sorcery
Autosaving progress at 4000/4626...
Translating 4001/4626 (86.5%) - Occult Evolution
Translating 4011/4626 (86.7%) - Crossblooded Evolution
Translating 4021/4626 (86.9%) - Unfetter Eidolon
Translating 4031/4626 (87.1%) - Summoner's Call
Translating 4041/4626 (87.3%) - Alacritous Action
Autosaving progress at 4050/4626...
Translating 4051/4626 (87.5%) - Defend Summoner
Translating 4061/4626 (87.8%) - Eidolon's Wrath
Translating 4071/4626 (88.0%) - Miniaturize
Translating 4081/4626 (88.2%) - Plummeting Roll
Translating 4091/4626 (88.4%) - Mobile Finisher
Autosaving progress at 4100/4626...
Translating 4101/4626 (88.6%) - Lethal Finisher
Translating 4111/4626 (88.8%) - Unbalancing Finisher
Translating 4121/4626 (89.1%) - Leading Dance
Translating 4131/4626 (89.3%) - Flamboyant Cruelty
Translating 4141/4626 (89.5%) - Share Weakness
Autosaving progress at 4150/4626...
Translating 4151/4626 (89.7%) - Implement's Flight
Translating 4161/4626 (89.9%) - Ubiquitous Weakness
Translating 4171/4626 (90.1%) - Cursed Effigy
Translating 4181/4626 (90.4%) - Familiar's Eyes
Translating 4191/4626 (90.6%) - Scatter Swarm
Autosaving progress at 4200/4626...
Translating 4201/4626 (90.8%) - Ceremonial Knife
Translating 4211/4626 (91.0%) - Spellbook Prodigy
Translating 4221/4626 (91.2%) - Infinite Possibilities
Translating 4231/4626 (91.4%) - Call Wizardly Tools
Translating 4241/4626 (91.7%) - Knowledge is Power (Wizard)
Autosaving progress at 4250/4626...
Translating 4251/4626 (91.9%) - Incredible Initiative
Translating 4261/4626 (92.1%) - Caravan Leader
Translating 4271/4626 (92.3%) - Pick up the Pace
Translating 4281/4626 (92.5%) - Prescient Consumable
Translating 4291/4626 (92.7%) - Lingering Chill
Autosaving progress at 4300/4626...
Translating 4301/4626 (93.0%) - Defensive Growth
Translating 4311/4626 (93.2%) - Irradiate
Translating 4321/4626 (93.4%) - Tectonic Stomp
Translating 4331/4626 (93.6%) - Indomitable Spirit
Translating 4341/4626 (93.8%) - Release the Light
Autosaving progress at 4350/4626...
Translating 4351/4626 (94.0%) - Basic Spellcasting
Translating 4361/4626 (94.2%) - Avenger of Sloth
Translating 4371/4626 (94.5%) - Eyes That See Eternity
Translating 4381/4626 (94.7%) - Mythic Containment
Translating 4391/4626 (94.9%) - Steal Magic
Autosaving progress at 4400/4626...
Translating 4401/4626 (95.1%) - You Can't Hide From Us
Translating 4411/4626 (95.3%) - Assurance
Translating 4421/4626 (95.5%) - Courtly Graces
Translating 4431/4626 (95.8%) - Eye for Numbers
Translating 4441/4626 (96.0%) - Improvise Tool
Autosaving progress at 4450/4626...
Translating 4451/4626 (96.2%) - Oddity Identification
Translating 4461/4626 (96.4%) - Read Lips
Translating 4471/4626 (96.6%) - Skill Training
Translating 4481/4626 (96.8%) - Tame Animal
Translating 4491/4626 (97.1%) - Too Angry to Die
Autosaving progress at 4500/4626...
Translating 4501/4626 (97.3%) - Legendary Professional
Translating 4511/4626 (97.5%) - Aura Sight
Translating 4521/4626 (97.7%) - Cooperative Crafting
Translating 4531/4626 (97.9%) - Glad-Hand
Translating 4541/4626 (98.1%) - Magical Shorthand
Autosaving progress at 4550/4626...
Translating 4551/4626 (98.4%) - Rapid Mantel
Translating 4561/4626 (98.6%) - Triumphant Boast
Translating 4571/4626 (98.8%) - Wilderness Spotter
Translating 4581/4626 (99.0%) - Advanced First Aid
Translating 4591/4626 (99.2%) - Disturbing Knowledge
Autosaving progress at 4600/4626...
Translating 4601/4626 (99.4%) - Kip Up
Translating 4611/4626 (99.7%) - Quick Unlock
Translating 4621/4626 (99.9%) - Terrified Retreat
Saving final results...
Full translation complete and Excel/JSON files updated!
